03:02:21.824 [main] INFO  userAPI.test.UserAPI - ---------Updated User By ID Successfully-------
03:02:21.829 [main] INFO  userAPI.test.UserAPI - -------------Setting up the User Details---------
03:02:21.830 [main] INFO  userAPI.test.UserAPI - ---------Update User Details----------
03:02:21.830 [main] INFO  userAPI.test.UserAPI - -------------Updating the User Details---------
03:02:22.178 [main] INFO  userAPI.test.UserAPI - ---------Updated User By ID Successfully-------
03:02:22.180 [main] INFO  userAPI.test.UserAPI - -------------Setting up the User Details---------
03:02:22.182 [main] INFO  userAPI.test.UserAPI - ---------Update User Details----------
03:02:22.183 [main] INFO  userAPI.test.UserAPI - -------------Updating the User Details---------
03:02:22.526 [main] INFO  userAPI.test.UserAPI - ---------Updated User By ID Successfully-------
03:02:22.528 [main] INFO  userAPI.test.UserAPI - -------------Setting up the User Details---------
03:02:22.529 [main] INFO  userAPI.test.UserAPI - ---------Update User Details----------
03:02:22.529 [main] INFO  userAPI.test.UserAPI - -------------Updating the User Details---------
03:02:22.896 [main] INFO  userAPI.test.UserAPI - ---------Updated User By ID Successfully-------
03:02:22.898 [main] INFO  userAPI.test.UserAPI - -------------Setting up the User Details---------
03:02:22.900 [main] INFO  userAPI.test.UserAPI - ---------Update User Details----------
03:02:22.900 [main] INFO  userAPI.test.UserAPI - -------------Updating the User Details---------
03:02:23.245 [main] INFO  userAPI.test.UserAPI - ---------Updated User By ID Successfully-------
03:02:23.247 [main] INFO  userAPI.test.UserAPI - -------------Setting up the User Details---------
03:02:23.247 [main] INFO  userAPI.test.UserAPI - ---------Update User Details----------
03:02:23.247 [main] INFO  userAPI.test.UserAPI - -------------Updating the User Details---------
03:02:23.615 [main] INFO  userAPI.test.UserAPI - ---------Updated User By ID Successfully-------
03:02:23.616 [main] INFO  userAPI.test.UserAPI - -------------Setting up the User Details---------
03:02:23.617 [main] INFO  userAPI.test.UserAPI - ---------Update User Details----------
03:02:23.617 [main] INFO  userAPI.test.UserAPI - -------------Updating the User Details---------
03:02:23.974 [main] INFO  userAPI.test.UserAPI - ---------Updated User By ID Successfully-------
03:02:23.978 [main] INFO  userAPI.test.UserAPI - -------------Setting up the User Details---------
03:02:23.979 [main] INFO  userAPI.test.UserAPI - ---------Update User Details----------
03:02:23.979 [main] INFO  userAPI.test.UserAPI - -------------Updating the User Details---------
03:02:24.339 [main] INFO  userAPI.test.UserAPI - ---------Updated User By ID Successfully-------
03:02:24.341 [main] INFO  userAPI.test.UserAPI - -------------Setting up the User Details---------
03:02:24.341 [main] INFO  userAPI.test.UserAPI - ---------Update User Details----------
03:02:24.342 [main] INFO  userAPI.test.UserAPI - -------------Updating the User Details---------
03:02:24.709 [main] INFO  userAPI.test.UserAPI - ---------Updated User By ID Successfully-------
03:02:24.710 [main] INFO  userAPI.test.UserAPI - -------------Setting up the User Details---------
03:02:24.711 [main] INFO  userAPI.test.UserAPI - ---------Update User Details----------
03:02:24.711 [main] INFO  userAPI.test.UserAPI - -------------Updating the User Details---------
03:02:25.067 [main] INFO  userAPI.test.UserAPI - ---------Updated User By ID Successfully-------
03:02:25.069 [main] INFO  userAPI.test.UserAPI - -------------Setting up the User Details---------
03:02:25.070 [main] INFO  userAPI.test.UserAPI - ---------Update User Details----------
03:02:25.070 [main] INFO  userAPI.test.UserAPI - -------------Updating the User Details---------
03:02:25.413 [main] INFO  userAPI.test.UserAPI - ---------Updated User By ID Successfully-------
03:02:25.840 [main] INFO  userAPI.test.UserAPI - -------------Setting up the User Details---------
03:02:25.842 [main] INFO  userAPI.test.UserAPI - -------Delete User By ID-------------
03:02:26.180 [main] INFO  userAPI.test.UserAPI - ---------Deleted User By ID Successfully-------
03:02:26.182 [main] INFO  userAPI.test.UserAPI - -------------Setting up the User Details---------
03:02:26.183 [main] INFO  userAPI.test.UserAPI - -------Delete User By ID-------------
03:02:26.524 [main] INFO  userAPI.test.UserAPI - ---------Deleted User By ID Successfully-------
03:02:26.526 [main] INFO  userAPI.test.UserAPI - -------------Setting up the User Details---------
03:02:26.527 [main] INFO  userAPI.test.UserAPI - -------Delete User By ID-------------
03:02:26.927 [main] INFO  userAPI.test.UserAPI - ---------Deleted User By ID Successfully-------
03:02:26.928 [main] INFO  userAPI.test.UserAPI - -------------Setting up the User Details---------
03:02:26.930 [main] INFO  userAPI.test.UserAPI - -------Delete User By ID-------------
03:02:27.284 [main] INFO  userAPI.test.UserAPI - ---------Deleted User By ID Successfully-------
